4
4
f7177163c833dff4b38fc8d2872f1ec6
[11.4.2021 | 3:19:15] {"type":"cmd","data":"run"}
,[11.4.2021 | 3:19:17] {"type":"cmd","data":"stop"}
,[11.4.2021 | 3:19:48] {"type":"cmd","data":"run"}
,[11.4.2021 | 3:19:48] {"client-id":"3969d4db-04ff-4fc7-9ce5-a1371377bb78","gpioa":0,"gpiob":0,"gpioc":32768,"gpiod":16384,"gpioe":0,"modeltime":0,"type":"gpio"}
,[11.4.2021 | 3:19:48] {"client-id":"3969d4db-04ff-4fc7-9ce5-a1371377bb78","gpioa":0,"gpiob":0,"gpioc":32768,"gpiod":16384,"gpioe":0,"modeltime":0,"type":"gpio"}
,[11.4.2021 | 3:19:48] {"client-id":"3969d4db-04ff-4fc7-9ce5-a1371377bb78","gpioa":0,"gpiob":0,"gpioc":32768,"gpiod":16384,"gpioe":0,"modeltime":0,"type":"gpio"}
,[11.4.2021 | 3:19:48] {"client-id":"3969d4db-04ff-4fc7-9ce5-a1371377bb78","gpioa":0,"gpiob":0,"gpioc":32768,"gpiod":16384,"gpioe":0,"modeltime":0,"type":"gpio"}
,[11.4.2021 | 3:19:48] {"client-id":"3969d4db-04ff-4fc7-9ce5-a1371377bb78","gpioa":0,"gpiob":0,"gpioc":32768,"gpiod":16384,"gpioe":0,"modeltime":0,"type":"gpio"}
,[11.4.2021 | 3:19:48] {"client-id":"3969d4db-04ff-4fc7-9ce5-a1371377bb78","gpioa":0,"gpiob":0,"gpioc":32768,"gpiod":16384,"gpioe":0,"modeltime":0,"type":"gpio"}
,[11.4.2021 | 3:19:48] {"client-id":"3969d4db-04ff-4fc7-9ce5-a1371377bb78","gpioa":0,"gpiob":0,"gpioc":32768,"gpiod":16384,"gpioe":0,"modeltime":0,"type":"gpio"}
,[11.4.2021 | 3:19:48] {"client-id":"3969d4db-04ff-4fc7-9ce5-a1371377bb78","gpioa":0,"gpiob":0,"gpioc":32768,"gpiod":16384,"gpioe":0,"modeltime":0,"type":"gpio"}
,[11.4.2021 | 3:19:49] {"client-id":"3969d4db-04ff-4fc7-9ce5-a1371377bb78","gpioa":0,"gpiob":0,"gpioc":32768,"gpiod":16384,"gpioe":0,"modeltime":0,"type":"gpio"}
,[11.4.2021 | 3:19:49] {"client-id":"3969d4db-04ff-4fc7-9ce5-a1371377bb78","gpioa":0,"gpiob":0,"gpioc":32768,"gpiod":16384,"gpioe":0,"modeltime":0,"type":"gpio"}
,[11.4.2021 | 3:19:49] {"client-id":"3969d4db-04ff-4fc7-9ce5-a1371377bb78","gpioa":0,"gpiob":0,"gpioc":32768,"gpiod":16384,"gpioe":0,"modeltime":0,"type":"gpio"}
,[11.4.2021 | 3:19:49] {"client-id":"3969d4db-04ff-4fc7-9ce5-a1371377bb78","gpioa":0,"gpiob":0,"gpioc":32768,"gpiod":16384,"gpioe":0,"modeltime":0,"type":"gpio"}
,[11.4.2021 | 3:19:49] {"client-id":"3969d4db-04ff-4fc7-9ce5-a1371377bb78","gpioa":0,"gpiob":0,"gpioc":32768,"gpiod":16384,"gpioe":0,"modeltime":0,"type":"gpio"}
,[11.4.2021 | 3:19:49] {"client-id":"3969d4db-04ff-4fc7-9ce5-a1371377bb78","gpioa":0,"gpiob":0,"gpioc":32768,"gpiod":16384,"gpioe":0,"modeltime":0,"type":"gpio"}
,[11.4.2021 | 3:19:49] {"client-id":"3969d4db-04ff-4fc7-9ce5-a1371377bb78","gpioa":0,"gpiob":0,"gpioc":32768,"gpiod":16384,"gpioe":0,"modeltime":0,"type":"gpio"}
,[11.4.2021 | 3:19:49] {"client-id":"3969d4db-04ff-4fc7-9ce5-a1371377bb78","gpioa":0,"gpiob":0,"gpioc":32768,"gpiod":16384,"gpioe":0,"modeltime":0,"type":"gpio"}
,[11.4.2021 | 3:19:49] {"client-id":"3969d4db-04ff-4fc7-9ce5-a1371377bb78","gpioa":0,"gpiob":0,"gpioc":32768,"gpiod":16384,"gpioe":0,"modeltime":0,"type":"gpio"}
,[11.4.2021 | 3:19:49] {"client-id":"3969d4db-04ff-4fc7-9ce5-a1371377bb78","gpioa":0,"gpiob":0,"gpioc":32768,"gpiod":16384,"gpioe":0,"modeltime":0,"type":"gpio"}
,[11.4.2021 | 3:19:50] {"client-id":"3969d4db-04ff-4fc7-9ce5-a1371377bb78","gpioa":0,"gpiob":0,"gpioc":32768,"gpiod":16384,"gpioe":0,"modeltime":0,"type":"gpio"}
,[11.4.2021 | 3:19:50] {"client-id":"3969d4db-04ff-4fc7-9ce5-a1371377bb78","gpioa":0,"gpiob":0,"gpioc":32768,"gpiod":16384,"gpioe":0,"modeltime":0,"type":"gpio"}
,[11.4.2021 | 3:19:50] {"client-id":"3969d4db-04ff-4fc7-9ce5-a1371377bb78","gpioa":0,"gpiob":0,"gpioc":32768,"gpiod":16384,"gpioe":0,"modeltime":0,"type":"gpio"}
,[11.4.2021 | 3:19:50] {"client-id":"3969d4db-04ff-4fc7-9ce5-a1371377bb78","gpioa":0,"gpiob":0,"gpioc":32768,"gpiod":16384,"gpioe":0,"modeltime":0,"type":"gpio"}
,[11.4.2021 | 3:19:50] {"client-id":"3969d4db-04ff-4fc7-9ce5-a1371377bb78","gpioa":0,"gpiob":0,"gpioc":32768,"gpiod":16384,"gpioe":0,"modeltime":0,"type":"gpio"}
,[11.4.2021 | 3:19:50] {"client-id":"3969d4db-04ff-4fc7-9ce5-a1371377bb78","gpioa":0,"gpiob":0,"gpioc":32768,"gpiod":16384,"gpioe":0,"modeltime":0,"type":"gpio"}
,[11.4.2021 | 3:19:50] {"client-id":"3969d4db-04ff-4fc7-9ce5-a1371377bb78","gpioa":0,"gpiob":0,"gpioc":32768,"gpiod":16384,"gpioe":0,"modeltime":0,"type":"gpio"}
,[11.4.2021 | 3:19:50] {"client-id":"3969d4db-04ff-4fc7-9ce5-a1371377bb78","gpioa":0,"gpiob":0,"gpioc":32768,"gpiod":16384,"gpioe":0,"modeltime":0,"type":"gpio"}
,[11.4.2021 | 3:19:50] {"client-id":"3969d4db-04ff-4fc7-9ce5-a1371377bb78","gpioa":0,"gpiob":0,"gpioc":32768,"gpiod":16400,"gpioe":256,"modeltime":0,"type":"gpio"}
,[11.4.2021 | 3:19:50] {"client-id":"3969d4db-04ff-4fc7-9ce5-a1371377bb78","gpioa":0,"gpiob":0,"gpioc":32768,"gpiod":16400,"gpioe":256,"modeltime":0,"type":"gpio"}
,[11.4.2021 | 3:19:51] {"client-id":"3969d4db-04ff-4fc7-9ce5-a1371377bb78","gpioa":0,"gpiob":0,"gpioc":32768,"gpiod":16400,"gpioe":256,"modeltime":0,"type":"gpio"}
,[11.4.2021 | 3:19:51] {"client-id":"3969d4db-04ff-4fc7-9ce5-a1371377bb78","gpioa":0,"gpiob":0,"gpioc":32768,"gpiod":16400,"gpioe":256,"modeltime":0,"type":"gpio"}
,[11.4.2021 | 3:19:51] {"client-id":"3969d4db-04ff-4fc7-9ce5-a1371377bb78","gpioa":0,"gpiob":0,"gpioc":32768,"gpiod":16400,"gpioe":256,"modeltime":0,"type":"gpio"}
,[11.4.2021 | 3:19:51] {"client-id":"3969d4db-04ff-4fc7-9ce5-a1371377bb78","gpioa":0,"gpiob":0,"gpioc":32768,"gpiod":16400,"gpioe":256,"modeltime":0,"type":"gpio"}
,[11.4.2021 | 3:19:51] {"client-id":"3969d4db-04ff-4fc7-9ce5-a1371377bb78","gpioa":0,"gpiob":0,"gpioc":32768,"gpiod":16432,"gpioe":1280,"modeltime":0,"type":"gpio"}
,[11.4.2021 | 3:19:51] {"client-id":"3969d4db-04ff-4fc7-9ce5-a1371377bb78","gpioa":0,"gpiob":0,"gpioc":32768,"gpiod":16432,"gpioe":1280,"modeltime":0,"type":"gpio"}
,[11.4.2021 | 3:19:51] {"client-id":"3969d4db-04ff-4fc7-9ce5-a1371377bb78","gpioa":0,"gpiob":0,"gpioc":32768,"gpiod":16432,"gpioe":1280,"modeltime":0,"type":"gpio"}
,[11.4.2021 | 3:19:51] {"client-id":"3969d4db-04ff-4fc7-9ce5-a1371377bb78","gpioa":0,"gpiob":0,"gpioc":32768,"gpiod":16432,"gpioe":1280,"modeltime":0,"type":"gpio"}
,[11.4.2021 | 3:19:51] {"client-id":"3969d4db-04ff-4fc7-9ce5-a1371377bb78","gpioa":0,"gpiob":0,"gpioc":32768,"gpiod":16432,"gpioe":1280,"modeltime":0,"type":"gpio"}
,[11.4.2021 | 3:19:51] {"client-id":"3969d4db-04ff-4fc7-9ce5-a1371377bb78","gpioa":0,"gpiob":0,"gpioc":32768,"gpiod":16432,"gpioe":1280,"modeltime":0,"type":"gpio"}
,[11.4.2021 | 3:19:52] {"client-id":"3969d4db-04ff-4fc7-9ce5-a1371377bb78","gpioa":0,"gpiob":0,"gpioc":32768,"gpiod":16432,"gpioe":1280,"modeltime":0,"type":"gpio"}
,[11.4.2021 | 3:19:52] {"client-id":"3969d4db-04ff-4fc7-9ce5-a1371377bb78","gpioa":0,"gpiob":0,"gpioc":32768,"gpiod":16432,"gpioe":1280,"modeltime":0,"type":"gpio"}
,[11.4.2021 | 3:19:52] {"client-id":"3969d4db-04ff-4fc7-9ce5-a1371377bb78","gpioa":0,"gpiob":0,"gpioc":32768,"gpiod":16432,"gpioe":1280,"modeltime":0,"type":"gpio"}
,[11.4.2021 | 3:19:52] {"client-id":"3969d4db-04ff-4fc7-9ce5-a1371377bb78","gpioa":0,"gpiob":0,"gpioc":32768,"gpiod":16432,"gpioe":1280,"modeltime":0,"type":"gpio"}
,[11.4.2021 | 3:19:52] {"client-id":"3969d4db-04ff-4fc7-9ce5-a1371377bb78","gpioa":0,"gpiob":0,"gpioc":32768,"gpiod":16432,"gpioe":1280,"modeltime":0,"type":"gpio"}
,[11.4.2021 | 3:19:52] {"client-id":"3969d4db-04ff-4fc7-9ce5-a1371377bb78","gpioa":0,"gpiob":0,"gpioc":32768,"gpiod":16432,"gpioe":1280,"modeltime":0,"type":"gpio"}
,[11.4.2021 | 3:19:52] {"client-id":"3969d4db-04ff-4fc7-9ce5-a1371377bb78","gpioa":0,"gpiob":0,"gpioc":32768,"gpiod":16432,"gpioe":1280,"modeltime":0,"type":"gpio"}
,[11.4.2021 | 3:19:52] {"client-id":"3969d4db-04ff-4fc7-9ce5-a1371377bb78","gpioa":0,"gpiob":0,"gpioc":32768,"gpiod":8192,"gpioe":5376,"modeltime":0,"type":"gpio"}
,[11.4.2021 | 3:19:52] {"client-id":"3969d4db-04ff-4fc7-9ce5-a1371377bb78","gpioa":0,"gpiob":0,"gpioc":32768,"gpiod":8192,"gpioe":5376,"modeltime":0,"type":"gpio"}
,[11.4.2021 | 3:19:52] {"client-id":"3969d4db-04ff-4fc7-9ce5-a1371377bb78","gpioa":0,"gpiob":0,"gpioc":32768,"gpiod":8192,"gpioe":5376,"modeltime":0,"type":"gpio"}
,[11.4.2021 | 3:19:53] {"client-id":"3969d4db-04ff-4fc7-9ce5-a1371377bb78","gpioa":0,"gpiob":0,"gpioc":32768,"gpiod":8192,"gpioe":5376,"modeltime":0,"type":"gpio"}
,[11.4.2021 | 3:19:53] {"client-id":"3969d4db-04ff-4fc7-9ce5-a1371377bb78","gpioa":0,"gpiob":0,"gpioc":32768,"gpiod":8192,"gpioe":5376,"modeltime":0,"type":"gpio"}
,[11.4.2021 | 3:19:53] {"client-id":"3969d4db-04ff-4fc7-9ce5-a1371377bb78","gpioa":0,"gpiob":0,"gpioc":32768,"gpiod":8192,"gpioe":5376,"modeltime":0,"type":"gpio"}
,[11.4.2021 | 3:19:53] {"client-id":"3969d4db-04ff-4fc7-9ce5-a1371377bb78","gpioa":0,"gpiob":0,"gpioc":32768,"gpiod":8192,"gpioe":5376,"modeltime":0,"type":"gpio"}
,[11.4.2021 | 3:19:53] {"client-id":"3969d4db-04ff-4fc7-9ce5-a1371377bb78","gpioa":0,"gpiob":0,"gpioc":32768,"gpiod":8192,"gpioe":5376,"modeltime":0,"type":"gpio"}
,[11.4.2021 | 3:19:53] {"client-id":"3969d4db-04ff-4fc7-9ce5-a1371377bb78","gpioa":0,"gpiob":0,"gpioc":32768,"gpiod":8192,"gpioe":5376,"modeltime":0,"type":"gpio"}
,[11.4.2021 | 3:19:53] {"client-id":"3969d4db-04ff-4fc7-9ce5-a1371377bb78","gpioa":0,"gpiob":0,"gpioc":32768,"gpiod":8512,"gpioe":5376,"modeltime":0,"type":"gpio"}
,[11.4.2021 | 3:19:53] {"client-id":"3969d4db-04ff-4fc7-9ce5-a1371377bb78","gpioa":0,"gpiob":0,"gpioc":32768,"gpiod":8512,"gpioe":5376,"modeltime":0,"type":"gpio"}
,[11.4.2021 | 3:19:53] {"client-id":"3969d4db-04ff-4fc7-9ce5-a1371377bb78","gpioa":0,"gpiob":0,"gpioc":32768,"gpiod":8512,"gpioe":5376,"modeltime":0,"type":"gpio"}
,[11.4.2021 | 3:19:53] {"client-id":"3969d4db-04ff-4fc7-9ce5-a1371377bb78","gpioa":0,"gpiob":0,"gpioc":32768,"gpiod":8512,"gpioe":5376,"modeltime":0,"type":"gpio"}
,[11.4.2021 | 3:19:54] {"client-id":"3969d4db-04ff-4fc7-9ce5-a1371377bb78","gpioa":0,"gpiob":0,"gpioc":32768,"gpiod":8512,"gpioe":5376,"modeltime":0,"type":"gpio"}
,[11.4.2021 | 3:19:54] {"client-id":"3969d4db-04ff-4fc7-9ce5-a1371377bb78","gpioa":0,"gpiob":0,"gpioc":32768,"gpiod":9056,"gpioe":5376,"modeltime":0,"type":"gpio"}
,[11.4.2021 | 3:19:54] {"client-id":"3969d4db-04ff-4fc7-9ce5-a1371377bb78","gpioa":0,"gpiob":0,"gpioc":32768,"gpiod":9056,"gpioe":5376,"modeltime":0,"type":"gpio"}
,[11.4.2021 | 3:19:54] {"client-id":"3969d4db-04ff-4fc7-9ce5-a1371377bb78","gpioa":0,"gpiob":0,"gpioc":32768,"gpiod":9056,"gpioe":5376,"modeltime":0,"type":"gpio"}
,[11.4.2021 | 3:19:54] {"client-id":"3969d4db-04ff-4fc7-9ce5-a1371377bb78","gpioa":0,"gpiob":0,"gpioc":32768,"gpiod":9056,"gpioe":5376,"modeltime":0,"type":"gpio"}
,[11.4.2021 | 3:19:54] {"client-id":"3969d4db-04ff-4fc7-9ce5-a1371377bb78","gpioa":0,"gpiob":0,"gpioc":32768,"gpiod":9056,"gpioe":5376,"modeltime":0,"type":"gpio"}
,[11.4.2021 | 3:19:54] {"client-id":"3969d4db-04ff-4fc7-9ce5-a1371377bb78","gpioa":0,"gpiob":0,"gpioc":32768,"gpiod":11120,"gpioe":5376,"modeltime":0,"type":"gpio"}
,[11.4.2021 | 3:19:54] {"client-id":"3969d4db-04ff-4fc7-9ce5-a1371377bb78","gpioa":0,"gpiob":0,"gpioc":32768,"gpiod":11120,"gpioe":5376,"modeltime":0,"type":"gpio"}
,[11.4.2021 | 3:19:54] {"client-id":"3969d4db-04ff-4fc7-9ce5-a1371377bb78","gpioa":0,"gpiob":0,"gpioc":32768,"gpiod":11120,"gpioe":5376,"modeltime":0,"type":"gpio"}
,[11.4.2021 | 3:19:54] {"client-id":"3969d4db-04ff-4fc7-9ce5-a1371377bb78","gpioa":0,"gpiob":0,"gpioc":32768,"gpiod":11120,"gpioe":5376,"modeltime":0,"type":"gpio"}
,[11.4.2021 | 3:19:55] {"client-id":"3969d4db-04ff-4fc7-9ce5-a1371377bb78","gpioa":0,"gpiob":0,"gpioc":32768,"gpiod":11120,"gpioe":5376,"modeltime":0,"type":"gpio"}
,[11.4.2021 | 3:19:55] {"client-id":"3969d4db-04ff-4fc7-9ce5-a1371377bb78","gpioa":0,"gpiob":0,"gpioc":32768,"gpiod":15224,"gpioe":5376,"modeltime":0,"type":"gpio"}
,[11.4.2021 | 3:19:55] {"client-id":"3969d4db-04ff-4fc7-9ce5-a1371377bb78","gpioa":0,"gpiob":0,"gpioc":32768,"gpiod":15224,"gpioe":5376,"modeltime":0,"type":"gpio"}
,[11.4.2021 | 3:19:55] {"client-id":"3969d4db-04ff-4fc7-9ce5-a1371377bb78","gpioa":0,"gpiob":0,"gpioc":32768,"gpiod":15224,"gpioe":5376,"modeltime":0,"type":"gpio"}
,[11.4.2021 | 3:19:55] {"client-id":"3969d4db-04ff-4fc7-9ce5-a1371377bb78","gpioa":0,"gpiob":0,"gpioc":32768,"gpiod":15224,"gpioe":5376,"modeltime":0,"type":"gpio"}
,[11.4.2021 | 3:19:55] {"client-id":"3969d4db-04ff-4fc7-9ce5-a1371377bb78","gpioa":0,"gpiob":0,"gpioc":32768,"gpiod":15224,"gpioe":5376,"modeltime":0,"type":"gpio"}
,[11.4.2021 | 3:19:55] {"client-id":"3969d4db-04ff-4fc7-9ce5-a1371377bb78","gpioa":0,"gpiob":0,"gpioc":32768,"gpiod":11120,"gpioe":5376,"modeltime":0,"type":"gpio"}
,[11.4.2021 | 3:19:55] {"client-id":"3969d4db-04ff-4fc7-9ce5-a1371377bb78","gpioa":0,"gpiob":0,"gpioc":32768,"gpiod":11120,"gpioe":5376,"modeltime":0,"type":"gpio"}
,[11.4.2021 | 3:19:55] {"client-id":"3969d4db-04ff-4fc7-9ce5-a1371377bb78","gpioa":0,"gpiob":0,"gpioc":32768,"gpiod":11120,"gpioe":5376,"modeltime":0,"type":"gpio"}
,[11.4.2021 | 3:19:55] {"client-id":"3969d4db-04ff-4fc7-9ce5-a1371377bb78","gpioa":0,"gpiob":0,"gpioc":32768,"gpiod":11120,"gpioe":5376,"modeltime":0,"type":"gpio"}
,[11.4.2021 | 3:19:56] {"client-id":"3969d4db-04ff-4fc7-9ce5-a1371377bb78","gpioa":0,"gpiob":0,"gpioc":32768,"gpiod":11120,"gpioe":5376,"modeltime":0,"type":"gpio"}
,[11.4.2021 | 3:19:56] {"client-id":"3969d4db-04ff-4fc7-9ce5-a1371377bb78","gpioa":0,"gpiob":0,"gpioc":32768,"gpiod":9056,"gpioe":5376,"modeltime":0,"type":"gpio"}
,[11.4.2021 | 3:19:56] {"client-id":"3969d4db-04ff-4fc7-9ce5-a1371377bb78","gpioa":0,"gpiob":0,"gpioc":32768,"gpiod":9056,"gpioe":5376,"modeltime":0,"type":"gpio"}
,[11.4.2021 | 3:19:56] {"client-id":"3969d4db-04ff-4fc7-9ce5-a1371377bb78","gpioa":0,"gpiob":0,"gpioc":32768,"gpiod":9056,"gpioe":5376,"modeltime":0,"type":"gpio"}
,[11.4.2021 | 3:19:56] {"client-id":"3969d4db-04ff-4fc7-9ce5-a1371377bb78","gpioa":0,"gpiob":0,"gpioc":32768,"gpiod":9056,"gpioe":5376,"modeltime":0,"type":"gpio"}
,[11.4.2021 | 3:19:56] {"client-id":"3969d4db-04ff-4fc7-9ce5-a1371377bb78","gpioa":0,"gpiob":0,"gpioc":32768,"gpiod":9056,"gpioe":5376,"modeltime":0,"type":"gpio"}
,[11.4.2021 | 3:19:56] {"client-id":"3969d4db-04ff-4fc7-9ce5-a1371377bb78","gpioa":0,"gpiob":0,"gpioc":32768,"gpiod":8512,"gpioe":5376,"modeltime":0,"type":"gpio"}
,[11.4.2021 | 3:19:56] {"client-id":"3969d4db-04ff-4fc7-9ce5-a1371377bb78","gpioa":0,"gpiob":0,"gpioc":32768,"gpiod":8512,"gpioe":5376,"modeltime":0,"type":"gpio"}
,[11.4.2021 | 3:19:56] {"client-id":"3969d4db-04ff-4fc7-9ce5-a1371377bb78","gpioa":0,"gpiob":0,"gpioc":32768,"gpiod":8512,"gpioe":5376,"modeltime":0,"type":"gpio"}
,[11.4.2021 | 3:19:56] {"client-id":"3969d4db-04ff-4fc7-9ce5-a1371377bb78","gpioa":0,"gpiob":0,"gpioc":32768,"gpiod":8512,"gpioe":5376,"modeltime":0,"type":"gpio"}
,[11.4.2021 | 3:19:57] {"client-id":"3969d4db-04ff-4fc7-9ce5-a1371377bb78","gpioa":0,"gpiob":0,"gpioc":32768,"gpiod":8512,"gpioe":5376,"modeltime":0,"type":"gpio"}
,[11.4.2021 | 3:19:57] {"client-id":"3969d4db-04ff-4fc7-9ce5-a1371377bb78","gpioa":0,"gpiob":0,"gpioc":32768,"gpiod":8192,"gpioe":5376,"modeltime":0,"type":"gpio"}
,[11.4.2021 | 3:19:57] {"client-id":"3969d4db-04ff-4fc7-9ce5-a1371377bb78","gpioa":0,"gpiob":0,"gpioc":32768,"gpiod":8192,"gpioe":5376,"modeltime":0,"type":"gpio"}
,[11.4.2021 | 3:19:57] {"client-id":"3969d4db-04ff-4fc7-9ce5-a1371377bb78","gpioa":0,"gpiob":0,"gpioc":32768,"gpiod":8192,"gpioe":5376,"modeltime":0,"type":"gpio"}
,[11.4.2021 | 3:19:57] {"client-id":"3969d4db-04ff-4fc7-9ce5-a1371377bb78","gpioa":0,"gpiob":0,"gpioc":32768,"gpiod":8192,"gpioe":5376,"modeltime":0,"type":"gpio"}
,[11.4.2021 | 3:19:57] {"client-id":"3969d4db-04ff-4fc7-9ce5-a1371377bb78","gpioa":0,"gpiob":0,"gpioc":32768,"gpiod":8192,"gpioe":5376,"modeltime":0,"type":"gpio"}
,[11.4.2021 | 3:19:57] {"client-id":"3969d4db-04ff-4fc7-9ce5-a1371377bb78","gpioa":0,"gpiob":0,"gpioc":32768,"gpiod":8192,"gpioe":5376,"modeltime":0,"type":"gpio"}
,[11.4.2021 | 3:19:57] {"client-id":"3969d4db-04ff-4fc7-9ce5-a1371377bb78","gpioa":0,"gpiob":0,"gpioc":32768,"gpiod":8192,"gpioe":5376,"modeltime":0,"type":"gpio"}
,[11.4.2021 | 3:19:57] {"client-id":"3969d4db-04ff-4fc7-9ce5-a1371377bb78","gpioa":0,"gpiob":0,"gpioc":32768,"gpiod":8192,"gpioe":5376,"modeltime":0,"type":"gpio"}
,[11.4.2021 | 3:19:57] {"client-id":"3969d4db-04ff-4fc7-9ce5-a1371377bb78","gpioa":0,"gpiob":0,"gpioc":32768,"gpiod":8192,"gpioe":5376,"modeltime":0,"type":"gpio"}
,[11.4.2021 | 3:19:58] {"client-id":"3969d4db-04ff-4fc7-9ce5-a1371377bb78","gpioa":0,"gpiob":0,"gpioc":32768,"gpiod":8192,"gpioe":5376,"modeltime":0,"type":"gpio"}
,[11.4.2021 | 3:19:58] {"client-id":"3969d4db-04ff-4fc7-9ce5-a1371377bb78","gpioa":0,"gpiob":0,"gpioc":32768,"gpiod":8512,"gpioe":5376,"modeltime":0,"type":"gpio"}
,[11.4.2021 | 3:19:58] {"client-id":"3969d4db-04ff-4fc7-9ce5-a1371377bb78","gpioa":0,"gpiob":0,"gpioc":32768,"gpiod":8512,"gpioe":5376,"modeltime":0,"type":"gpio"}
,[11.4.2021 | 3:19:58] {"client-id":"3969d4db-04ff-4fc7-9ce5-a1371377bb78","gpioa":0,"gpiob":0,"gpioc":32768,"gpiod":8512,"gpioe":5376,"modeltime":0,"type":"gpio"}
,[11.4.2021 | 3:19:58] {"client-id":"3969d4db-04ff-4fc7-9ce5-a1371377bb78","gpioa":0,"gpiob":0,"gpioc":32768,"gpiod":8512,"gpioe":5376,"modeltime":0,"type":"gpio"}
,[11.4.2021 | 3:19:58] {"client-id":"3969d4db-04ff-4fc7-9ce5-a1371377bb78","gpioa":0,"gpiob":0,"gpioc":32768,"gpiod":8512,"gpioe":5376,"modeltime":0,"type":"gpio"}
,[11.4.2021 | 3:19:58] {"client-id":"3969d4db-04ff-4fc7-9ce5-a1371377bb78","gpioa":0,"gpiob":0,"gpioc":32768,"gpiod":9056,"gpioe":5376,"modeltime":0,"type":"gpio"}
,[11.4.2021 | 3:19:58] {"client-id":"3969d4db-04ff-4fc7-9ce5-a1371377bb78","gpioa":0,"gpiob":0,"gpioc":32768,"gpiod":9056,"gpioe":5376,"modeltime":0,"type":"gpio"}
,[11.4.2021 | 3:19:58] {"client-id":"3969d4db-04ff-4fc7-9ce5-a1371377bb78","gpioa":0,"gpiob":0,"gpioc":32768,"gpiod":9056,"gpioe":5376,"modeltime":0,"type":"gpio"}
,[11.4.2021 | 3:19:58] {"client-id":"3969d4db-04ff-4fc7-9ce5-a1371377bb78","gpioa":0,"gpiob":0,"gpioc":32768,"gpiod":9056,"gpioe":5376,"modeltime":0,"type":"gpio"}
,[11.4.2021 | 3:19:59] {"client-id":"3969d4db-04ff-4fc7-9ce5-a1371377bb78","gpioa":0,"gpiob":0,"gpioc":32768,"gpiod":9056,"gpioe":5376,"modeltime":0,"type":"gpio"}
,[11.4.2021 | 3:19:59] {"client-id":"3969d4db-04ff-4fc7-9ce5-a1371377bb78","gpioa":0,"gpiob":0,"gpioc":32768,"gpiod":11120,"gpioe":5376,"modeltime":0,"type":"gpio"}
,[11.4.2021 | 3:19:59] {"client-id":"3969d4db-04ff-4fc7-9ce5-a1371377bb78","gpioa":0,"gpiob":0,"gpioc":32768,"gpiod":11120,"gpioe":5376,"modeltime":0,"type":"gpio"}
,[11.4.2021 | 3:19:59] {"client-id":"3969d4db-04ff-4fc7-9ce5-a1371377bb78","gpioa":0,"gpiob":0,"gpioc":32768,"gpiod":11120,"gpioe":5376,"modeltime":0,"type":"gpio"}
,[11.4.2021 | 3:19:59] {"client-id":"3969d4db-04ff-4fc7-9ce5-a1371377bb78","gpioa":0,"gpiob":0,"gpioc":32768,"gpiod":11120,"gpioe":5376,"modeltime":0,"type":"gpio"}
,[11.4.2021 | 3:19:59] {"client-id":"3969d4db-04ff-4fc7-9ce5-a1371377bb78","gpioa":0,"gpiob":0,"gpioc":32768,"gpiod":11120,"gpioe":5376,"modeltime":0,"type":"gpio"}
,[11.4.2021 | 3:19:59] {"client-id":"3969d4db-04ff-4fc7-9ce5-a1371377bb78","gpioa":0,"gpiob":0,"gpioc":32768,"gpiod":15224,"gpioe":5376,"modeltime":0,"type":"gpio"}
,[11.4.2021 | 3:19:59] {"client-id":"3969d4db-04ff-4fc7-9ce5-a1371377bb78","gpioa":0,"gpiob":0,"gpioc":32768,"gpiod":15224,"gpioe":5376,"modeltime":0,"type":"gpio"}
,[11.4.2021 | 3:19:59] {"client-id":"3969d4db-04ff-4fc7-9ce5-a1371377bb78","gpioa":0,"gpiob":0,"gpioc":32768,"gpiod":15224,"gpioe":5376,"modeltime":0,"type":"gpio"}
,[11.4.2021 | 3:19:59] {"client-id":"3969d4db-04ff-4fc7-9ce5-a1371377bb78","gpioa":0,"gpiob":0,"gpioc":32768,"gpiod":15224,"gpioe":5376,"modeltime":0,"type":"gpio"}
,[11.4.2021 | 3:20:0] {"client-id":"3969d4db-04ff-4fc7-9ce5-a1371377bb78","gpioa":0,"gpiob":0,"gpioc":32768,"gpiod":15224,"gpioe":5376,"modeltime":0,"type":"gpio"}
,[11.4.2021 | 3:20:0] {"client-id":"3969d4db-04ff-4fc7-9ce5-a1371377bb78","gpioa":0,"gpiob":0,"gpioc":32768,"gpiod":11120,"gpioe":5376,"modeltime":0,"type":"gpio"}
,[11.4.2021 | 3:20:0] {"client-id":"3969d4db-04ff-4fc7-9ce5-a1371377bb78","gpioa":0,"gpiob":0,"gpioc":32768,"gpiod":11120,"gpioe":5376,"modeltime":0,"type":"gpio"}
,[11.4.2021 | 3:20:0] {"client-id":"3969d4db-04ff-4fc7-9ce5-a1371377bb78","gpioa":0,"gpiob":0,"gpioc":32768,"gpiod":11120,"gpioe":5376,"modeltime":0,"type":"gpio"}
,[11.4.2021 | 3:20:0] {"client-id":"3969d4db-04ff-4fc7-9ce5-a1371377bb78","gpioa":0,"gpiob":0,"gpioc":32768,"gpiod":11120,"gpioe":5376,"modeltime":0,"type":"gpio"}
,[11.4.2021 | 3:20:0] {"client-id":"3969d4db-04ff-4fc7-9ce5-a1371377bb78","gpioa":0,"gpiob":0,"gpioc":32768,"gpiod":11120,"gpioe":5376,"modeltime":0,"type":"gpio"}
,[11.4.2021 | 3:20:0] {"client-id":"3969d4db-04ff-4fc7-9ce5-a1371377bb78","gpioa":0,"gpiob":0,"gpioc":32768,"gpiod":9056,"gpioe":5376,"modeltime":0,"type":"gpio"}
,[11.4.2021 | 3:20:0] {"client-id":"3969d4db-04ff-4fc7-9ce5-a1371377bb78","gpioa":0,"gpiob":0,"gpioc":32768,"gpiod":9056,"gpioe":5376,"modeltime":0,"type":"gpio"}
,[11.4.2021 | 3:20:0] {"client-id":"3969d4db-04ff-4fc7-9ce5-a1371377bb78","gpioa":0,"gpiob":0,"gpioc":32768,"gpiod":9056,"gpioe":5376,"modeltime":0,"type":"gpio"}
,[11.4.2021 | 3:20:0] {"client-id":"3969d4db-04ff-4fc7-9ce5-a1371377bb78","gpioa":0,"gpiob":0,"gpioc":32768,"gpiod":9056,"gpioe":5376,"modeltime":0,"type":"gpio"}
,[11.4.2021 | 3:20:1] {"client-id":"3969d4db-04ff-4fc7-9ce5-a1371377bb78","gpioa":0,"gpiob":0,"gpioc":32768,"gpiod":9056,"gpioe":5376,"modeltime":0,"type":"gpio"}
,[11.4.2021 | 3:20:1] {"client-id":"3969d4db-04ff-4fc7-9ce5-a1371377bb78","gpioa":0,"gpiob":0,"gpioc":32768,"gpiod":8512,"gpioe":5376,"modeltime":0,"type":"gpio"}
,[11.4.2021 | 3:20:1] {"client-id":"3969d4db-04ff-4fc7-9ce5-a1371377bb78","gpioa":0,"gpiob":0,"gpioc":32768,"gpiod":8512,"gpioe":5376,"modeltime":0,"type":"gpio"}
,[11.4.2021 | 3:20:1] {"client-id":"3969d4db-04ff-4fc7-9ce5-a1371377bb78","gpioa":0,"gpiob":0,"gpioc":32768,"gpiod":8512,"gpioe":5376,"modeltime":0,"type":"gpio"}
,[11.4.2021 | 3:20:1] {"client-id":"3969d4db-04ff-4fc7-9ce5-a1371377bb78","gpioa":0,"gpiob":0,"gpioc":32768,"gpiod":8512,"gpioe":5376,"modeltime":0,"type":"gpio"}
,[11.4.2021 | 3:20:1] {"client-id":"3969d4db-04ff-4fc7-9ce5-a1371377bb78","gpioa":0,"gpiob":0,"gpioc":32768,"gpiod":8512,"gpioe":5376,"modeltime":0,"type":"gpio"}
,[11.4.2021 | 3:20:1] {"client-id":"3969d4db-04ff-4fc7-9ce5-a1371377bb78","gpioa":0,"gpiob":0,"gpioc":32768,"gpiod":8192,"gpioe":5376,"modeltime":0,"type":"gpio"}
,[11.4.2021 | 3:20:1] {"client-id":"3969d4db-04ff-4fc7-9ce5-a1371377bb78","gpioa":0,"gpiob":0,"gpioc":32768,"gpiod":8192,"gpioe":5376,"modeltime":0,"type":"gpio"}
,[11.4.2021 | 3:20:1] {"client-id":"3969d4db-04ff-4fc7-9ce5-a1371377bb78","gpioa":0,"gpiob":0,"gpioc":32768,"gpiod":8192,"gpioe":5376,"modeltime":0,"type":"gpio"}
,[11.4.2021 | 3:20:1] {"client-id":"3969d4db-04ff-4fc7-9ce5-a1371377bb78","gpioa":0,"gpiob":0,"gpioc":32768,"gpiod":8192,"gpioe":5376,"modeltime":0,"type":"gpio"}
,[11.4.2021 | 3:20:2] {"client-id":"3969d4db-04ff-4fc7-9ce5-a1371377bb78","gpioa":0,"gpiob":0,"gpioc":32768,"gpiod":8192,"gpioe":5376,"modeltime":0,"type":"gpio"}
,[11.4.2021 | 3:20:2] {"client-id":"3969d4db-04ff-4fc7-9ce5-a1371377bb78","gpioa":0,"gpiob":0,"gpioc":32768,"gpiod":8192,"gpioe":5376,"modeltime":0,"type":"gpio"}
,[11.4.2021 | 3:20:2] {"client-id":"3969d4db-04ff-4fc7-9ce5-a1371377bb78","gpioa":0,"gpiob":0,"gpioc":32768,"gpiod":8192,"gpioe":5376,"modeltime":0,"type":"gpio"}
,[11.4.2021 | 3:20:2] {"client-id":"3969d4db-04ff-4fc7-9ce5-a1371377bb78","gpioa":0,"gpiob":0,"gpioc":32768,"gpiod":8192,"gpioe":5376,"modeltime":0,"type":"gpio"}
,[11.4.2021 | 3:20:2] {"client-id":"3969d4db-04ff-4fc7-9ce5-a1371377bb78","gpioa":0,"gpiob":0,"gpioc":32768,"gpiod":8192,"gpioe":5376,"modeltime":0,"type":"gpio"}
,[11.4.2021 | 3:20:2] {"client-id":"3969d4db-04ff-4fc7-9ce5-a1371377bb78","gpioa":0,"gpiob":0,"gpioc":32768,"gpiod":8192,"gpioe":5376,"modeltime":0,"type":"gpio"}
,[11.4.2021 | 3:20:2] {"client-id":"3969d4db-04ff-4fc7-9ce5-a1371377bb78","gpioa":0,"gpiob":0,"gpioc":32768,"gpiod":8512,"gpioe":5376,"modeltime":0,"type":"gpio"}
,[11.4.2021 | 3:20:2] {"client-id":"3969d4db-04ff-4fc7-9ce5-a1371377bb78","gpioa":0,"gpiob":0,"gpioc":32768,"gpiod":8512,"gpioe":5376,"modeltime":0,"type":"gpio"}
,[11.4.2021 | 3:20:2] {"client-id":"3969d4db-04ff-4fc7-9ce5-a1371377bb78","gpioa":0,"gpiob":0,"gpioc":32768,"gpiod":8512,"gpioe":5376,"modeltime":0,"type":"gpio"}
,[11.4.2021 | 3:20:2] {"client-id":"3969d4db-04ff-4fc7-9ce5-a1371377bb78","gpioa":0,"gpiob":0,"gpioc":32768,"gpiod":8512,"gpioe":5376,"modeltime":0,"type":"gpio"}
,[11.4.2021 | 3:20:3] {"client-id":"3969d4db-04ff-4fc7-9ce5-a1371377bb78","gpioa":0,"gpiob":0,"gpioc":32768,"gpiod":8512,"gpioe":5376,"modeltime":0,"type":"gpio"}
,[11.4.2021 | 3:20:3] {"client-id":"3969d4db-04ff-4fc7-9ce5-a1371377bb78","gpioa":0,"gpiob":0,"gpioc":32768,"gpiod":9056,"gpioe":5376,"modeltime":0,"type":"gpio"}
,[11.4.2021 | 3:20:3] {"client-id":"3969d4db-04ff-4fc7-9ce5-a1371377bb78","gpioa":0,"gpiob":0,"gpioc":32768,"gpiod":9056,"gpioe":5376,"modeltime":0,"type":"gpio"}
,[11.4.2021 | 3:20:3] {"client-id":"3969d4db-04ff-4fc7-9ce5-a1371377bb78","gpioa":0,"gpiob":0,"gpioc":32768,"gpiod":9056,"gpioe":5376,"modeltime":0,"type":"gpio"}
,[11.4.2021 | 3:20:3] {"client-id":"3969d4db-04ff-4fc7-9ce5-a1371377bb78","gpioa":0,"gpiob":0,"gpioc":0,"gpiod":9056,"gpioe":5376,"modeltime":0,"type":"gpio"}
,[11.4.2021 | 3:20:3] {"client-id":"3969d4db-04ff-4fc7-9ce5-a1371377bb78","gpioa":0,"gpiob":0,"gpioc":0,"gpiod":9056,"gpioe":5376,"modeltime":0,"type":"gpio"}
,[11.4.2021 | 3:20:3] {"client-id":"3969d4db-04ff-4fc7-9ce5-a1371377bb78","gpioa":0,"gpiob":0,"gpioc":0,"gpiod":11120,"gpioe":5376,"modeltime":0,"type":"gpio"}
,[11.4.2021 | 3:20:3] {"client-id":"3969d4db-04ff-4fc7-9ce5-a1371377bb78","gpioa":0,"gpiob":0,"gpioc":0,"gpiod":11120,"gpioe":5376,"modeltime":0,"type":"gpio"}
,[11.4.2021 | 3:20:3] {"client-id":"3969d4db-04ff-4fc7-9ce5-a1371377bb78","gpioa":0,"gpiob":0,"gpioc":0,"gpiod":11120,"gpioe":5376,"modeltime":0,"type":"gpio"}
,[11.4.2021 | 3:20:3] {"client-id":"3969d4db-04ff-4fc7-9ce5-a1371377bb78","gpioa":0,"gpiob":0,"gpioc":32768,"gpiod":11120,"gpioe":5376,"modeltime":0,"type":"gpio"}
,[11.4.2021 | 3:20:4] {"client-id":"3969d4db-04ff-4fc7-9ce5-a1371377bb78","gpioa":0,"gpiob":0,"gpioc":32768,"gpiod":11120,"gpioe":5376,"modeltime":0,"type":"gpio"}
,[11.4.2021 | 3:20:4] {"client-id":"3969d4db-04ff-4fc7-9ce5-a1371377bb78","gpioa":0,"gpiob":0,"gpioc":32768,"gpiod":39800,"gpioe":5376,"modeltime":0,"type":"gpio"}
,[11.4.2021 | 3:20:4] {"client-id":"3969d4db-04ff-4fc7-9ce5-a1371377bb78","gpioa":0,"gpiob":0,"gpioc":32768,"gpiod":39800,"gpioe":5376,"modeltime":0,"type":"gpio"}
,[11.4.2021 | 3:20:4] {"client-id":"3969d4db-04ff-4fc7-9ce5-a1371377bb78","gpioa":0,"gpiob":0,"gpioc":32768,"gpiod":39800,"gpioe":5376,"modeltime":0,"type":"gpio"}
,[11.4.2021 | 3:20:4] {"client-id":"3969d4db-04ff-4fc7-9ce5-a1371377bb78","gpioa":0,"gpiob":0,"gpioc":32768,"gpiod":39800,"gpioe":5376,"modeltime":0,"type":"gpio"}
,[11.4.2021 | 3:20:4] {"client-id":"3969d4db-04ff-4fc7-9ce5-a1371377bb78","gpioa":0,"gpiob":0,"gpioc":32768,"gpiod":39800,"gpioe":5376,"modeltime":0,"type":"gpio"}
,[11.4.2021 | 3:20:4] {"client-id":"3969d4db-04ff-4fc7-9ce5-a1371377bb78","gpioa":0,"gpiob":0,"gpioc":32768,"gpiod":39800,"gpioe":5376,"modeltime":0,"type":"gpio"}
,[11.4.2021 | 3:20:4] {"client-id":"3969d4db-04ff-4fc7-9ce5-a1371377bb78","gpioa":0,"gpiob":0,"gpioc":32768,"gpiod":39800,"gpioe":5376,"modeltime":0,"type":"gpio"}
,[11.4.2021 | 3:20:4] {"client-id":"3969d4db-04ff-4fc7-9ce5-a1371377bb78","gpioa":0,"gpiob":0,"gpioc":32768,"gpiod":39800,"gpioe":5376,"modeltime":0,"type":"gpio"}
,[11.4.2021 | 3:20:4] {"client-id":"3969d4db-04ff-4fc7-9ce5-a1371377bb78","gpioa":0,"gpiob":0,"gpioc":32768,"gpiod":39800,"gpioe":5376,"modeltime":0,"type":"gpio"}
,[11.4.2021 | 3:20:5] {"client-id":"3969d4db-04ff-4fc7-9ce5-a1371377bb78","gpioa":0,"gpiob":0,"gpioc":32768,"gpiod":39800,"gpioe":5376,"modeltime":0,"type":"gpio"}
,[11.4.2021 | 3:20:5] {"client-id":"3969d4db-04ff-4fc7-9ce5-a1371377bb78","gpioa":0,"gpiob":0,"gpioc":32768,"gpiod":39800,"gpioe":5376,"modeltime":0,"type":"gpio"}
,[11.4.2021 | 3:20:5] {"client-id":"3969d4db-04ff-4fc7-9ce5-a1371377bb78","gpioa":0,"gpiob":0,"gpioc":32768,"gpiod":39800,"gpioe":5376,"modeltime":0,"type":"gpio"}
,[11.4.2021 | 3:20:5] {"client-id":"3969d4db-04ff-4fc7-9ce5-a1371377bb78","gpioa":0,"gpiob":0,"gpioc":32768,"gpiod":39800,"gpioe":5376,"modeltime":0,"type":"gpio"}
,[11.4.2021 | 3:20:5] {"client-id":"3969d4db-04ff-4fc7-9ce5-a1371377bb78","gpioa":0,"gpiob":0,"gpioc":32768,"gpiod":39800,"gpioe":5376,"modeltime":0,"type":"gpio"}
,[11.4.2021 | 3:20:5] {"client-id":"3969d4db-04ff-4fc7-9ce5-a1371377bb78","gpioa":0,"gpiob":0,"gpioc":32768,"gpiod":39800,"gpioe":5376,"modeltime":0,"type":"gpio"}
,[11.4.2021 | 3:20:5] {"client-id":"3969d4db-04ff-4fc7-9ce5-a1371377bb78","gpioa":0,"gpiob":0,"gpioc":32768,"gpiod":39800,"gpioe":5376,"modeltime":0,"type":"gpio"}
,[11.4.2021 | 3:20:5] {"client-id":"3969d4db-04ff-4fc7-9ce5-a1371377bb78","gpioa":0,"gpiob":0,"gpioc":32768,"gpiod":39800,"gpioe":5376,"modeltime":0,"type":"gpio"}
,[11.4.2021 | 3:20:5] {"client-id":"3969d4db-04ff-4fc7-9ce5-a1371377bb78","gpioa":0,"gpiob":0,"gpioc":0,"gpiod":39800,"gpioe":5376,"modeltime":0,"type":"gpio"}
,[11.4.2021 | 3:20:5] {"client-id":"3969d4db-04ff-4fc7-9ce5-a1371377bb78","gpioa":0,"gpiob":0,"gpioc":0,"gpiod":39800,"gpioe":5376,"modeltime":0,"type":"gpio"}
,[11.4.2021 | 3:20:6] {"client-id":"3969d4db-04ff-4fc7-9ce5-a1371377bb78","gpioa":0,"gpiob":0,"gpioc":0,"gpiod":39800,"gpioe":5376,"modeltime":0,"type":"gpio"}
,[11.4.2021 | 3:20:6] {"client-id":"3969d4db-04ff-4fc7-9ce5-a1371377bb78","gpioa":0,"gpiob":0,"gpioc":0,"gpiod":39800,"gpioe":5376,"modeltime":0,"type":"gpio"}
,[11.4.2021 | 3:20:6] {"client-id":"3969d4db-04ff-4fc7-9ce5-a1371377bb78","gpioa":0,"gpiob":0,"gpioc":0,"gpiod":39800,"gpioe":5376,"modeltime":0,"type":"gpio"}
,[11.4.2021 | 3:20:6] {"client-id":"3969d4db-04ff-4fc7-9ce5-a1371377bb78","gpioa":0,"gpiob":0,"gpioc":32768,"gpiod":39800,"gpioe":5376,"modeltime":0,"type":"gpio"}
,[11.4.2021 | 3:20:6] {"client-id":"3969d4db-04ff-4fc7-9ce5-a1371377bb78","gpioa":0,"gpiob":0,"gpioc":32768,"gpiod":39800,"gpioe":5376,"modeltime":0,"type":"gpio"}
,[11.4.2021 | 3:20:6] {"client-id":"3969d4db-04ff-4fc7-9ce5-a1371377bb78","gpioa":0,"gpiob":0,"gpioc":32768,"gpiod":39800,"gpioe":5376,"modeltime":0,"type":"gpio"}
,[11.4.2021 | 3:20:6] {"client-id":"3969d4db-04ff-4fc7-9ce5-a1371377bb78","gpioa":0,"gpiob":0,"gpioc":32768,"gpiod":15224,"gpioe":5376,"modeltime":0,"type":"gpio"}
,[11.4.2021 | 3:20:6] {"client-id":"3969d4db-04ff-4fc7-9ce5-a1371377bb78","gpioa":0,"gpiob":0,"gpioc":32768,"gpiod":15224,"gpioe":5376,"modeltime":0,"type":"gpio"}
,[11.4.2021 | 3:20:6] {"client-id":"3969d4db-04ff-4fc7-9ce5-a1371377bb78","gpioa":0,"gpiob":0,"gpioc":32768,"gpiod":15224,"gpioe":5376,"modeltime":0,"type":"gpio"}
,[11.4.2021 | 3:20:6] {"client-id":"3969d4db-04ff-4fc7-9ce5-a1371377bb78","gpioa":0,"gpiob":0,"gpioc":32768,"gpiod":15224,"gpioe":5376,"modeltime":0,"type":"gpio"}
,[11.4.2021 | 3:20:7] {"client-id":"3969d4db-04ff-4fc7-9ce5-a1371377bb78","gpioa":0,"gpiob":0,"gpioc":32768,"gpiod":15224,"gpioe":5376,"modeltime":0,"type":"gpio"}
,[11.4.2021 | 3:20:7] {"client-id":"3969d4db-04ff-4fc7-9ce5-a1371377bb78","gpioa":0,"gpiob":0,"gpioc":32768,"gpiod":11120,"gpioe":5376,"modeltime":0,"type":"gpio"}
,[11.4.2021 | 3:20:7] {"client-id":"3969d4db-04ff-4fc7-9ce5-a1371377bb78","gpioa":0,"gpiob":0,"gpioc":32768,"gpiod":11120,"gpioe":5376,"modeltime":0,"type":"gpio"}
,[11.4.2021 | 3:20:7] {"client-id":"3969d4db-04ff-4fc7-9ce5-a1371377bb78","gpioa":0,"gpiob":0,"gpioc":32768,"gpiod":11120,"gpioe":5376,"modeltime":0,"type":"gpio"}
,[11.4.2021 | 3:20:7] {"client-id":"3969d4db-04ff-4fc7-9ce5-a1371377bb78","gpioa":0,"gpiob":0,"gpioc":32768,"gpiod":11120,"gpioe":5376,"modeltime":0,"type":"gpio"}
,[11.4.2021 | 3:20:7] {"client-id":"3969d4db-04ff-4fc7-9ce5-a1371377bb78","gpioa":0,"gpiob":0,"gpioc":32768,"gpiod":11120,"gpioe":5376,"modeltime":0,"type":"gpio"}
,[11.4.2021 | 3:20:7] {"client-id":"3969d4db-04ff-4fc7-9ce5-a1371377bb78","gpioa":0,"gpiob":0,"gpioc":32768,"gpiod":9056,"gpioe":5376,"modeltime":0,"type":"gpio"}
,[11.4.2021 | 3:20:7] {"client-id":"3969d4db-04ff-4fc7-9ce5-a1371377bb78","gpioa":0,"gpiob":0,"gpioc":32768,"gpiod":9056,"gpioe":5376,"modeltime":0,"type":"gpio"}
,[11.4.2021 | 3:20:7] {"client-id":"3969d4db-04ff-4fc7-9ce5-a1371377bb78","gpioa":0,"gpiob":0,"gpioc":32768,"gpiod":9056,"gpioe":5376,"modeltime":0,"type":"gpio"}
,[11.4.2021 | 3:20:7] {"client-id":"3969d4db-04ff-4fc7-9ce5-a1371377bb78","gpioa":0,"gpiob":0,"gpioc":32768,"gpiod":9056,"gpioe":5376,"modeltime":0,"type":"gpio"}
,[11.4.2021 | 3:20:8] {"client-id":"3969d4db-04ff-4fc7-9ce5-a1371377bb78","gpioa":0,"gpiob":0,"gpioc":32768,"gpiod":9056,"gpioe":5376,"modeltime":0,"type":"gpio"}
,[11.4.2021 | 3:20:8] {"client-id":"3969d4db-04ff-4fc7-9ce5-a1371377bb78","gpioa":0,"gpiob":0,"gpioc":32768,"gpiod":8512,"gpioe":5376,"modeltime":0,"type":"gpio"}
,[11.4.2021 | 3:20:8] {"client-id":"3969d4db-04ff-4fc7-9ce5-a1371377bb78","gpioa":0,"gpiob":0,"gpioc":32768,"gpiod":8512,"gpioe":5376,"modeltime":0,"type":"gpio"}
,[11.4.2021 | 3:20:8] {"client-id":"3969d4db-04ff-4fc7-9ce5-a1371377bb78","gpioa":0,"gpiob":0,"gpioc":32768,"gpiod":8512,"gpioe":5376,"modeltime":0,"type":"gpio"}
,[11.4.2021 | 3:20:8] {"client-id":"3969d4db-04ff-4fc7-9ce5-a1371377bb78","gpioa":0,"gpiob":0,"gpioc":32768,"gpiod":8512,"gpioe":5376,"modeltime":0,"type":"gpio"}
,[11.4.2021 | 3:20:8] {"client-id":"3969d4db-04ff-4fc7-9ce5-a1371377bb78","gpioa":0,"gpiob":0,"gpioc":32768,"gpiod":8512,"gpioe":5376,"modeltime":0,"type":"gpio"}
,[11.4.2021 | 3:20:8] {"client-id":"3969d4db-04ff-4fc7-9ce5-a1371377bb78","gpioa":0,"gpiob":0,"gpioc":32768,"gpiod":8192,"gpioe":5376,"modeltime":0,"type":"gpio"}
,[11.4.2021 | 3:20:8] {"client-id":"3969d4db-04ff-4fc7-9ce5-a1371377bb78","gpioa":0,"gpiob":0,"gpioc":32768,"gpiod":8192,"gpioe":5376,"modeltime":0,"type":"gpio"}
,[11.4.2021 | 3:20:8] {"client-id":"3969d4db-04ff-4fc7-9ce5-a1371377bb78","gpioa":0,"gpiob":0,"gpioc":32768,"gpiod":8192,"gpioe":5376,"modeltime":0,"type":"gpio"}
,[11.4.2021 | 3:20:8] {"client-id":"3969d4db-04ff-4fc7-9ce5-a1371377bb78","gpioa":0,"gpiob":0,"gpioc":32768,"gpiod":8192,"gpioe":5376,"modeltime":0,"type":"gpio"}
,[11.4.2021 | 3:20:9] {"client-id":"3969d4db-04ff-4fc7-9ce5-a1371377bb78","gpioa":0,"gpiob":0,"gpioc":32768,"gpiod":8192,"gpioe":5376,"modeltime":0,"type":"gpio"}
,[11.4.2021 | 3:20:9] {"client-id":"3969d4db-04ff-4fc7-9ce5-a1371377bb78","gpioa":0,"gpiob":0,"gpioc":32768,"gpiod":8192,"gpioe":5376,"modeltime":0,"type":"gpio"}
,[11.4.2021 | 3:20:9] {"client-id":"3969d4db-04ff-4fc7-9ce5-a1371377bb78","gpioa":0,"gpiob":0,"gpioc":32768,"gpiod":8192,"gpioe":5376,"modeltime":0,"type":"gpio"}
,[11.4.2021 | 3:20:9] {"client-id":"3969d4db-04ff-4fc7-9ce5-a1371377bb78","gpioa":0,"gpiob":0,"gpioc":32768,"gpiod":8192,"gpioe":5376,"modeltime":0,"type":"gpio"}
,[11.4.2021 | 3:20:9] {"client-id":"3969d4db-04ff-4fc7-9ce5-a1371377bb78","gpioa":0,"gpiob":0,"gpioc":32768,"gpiod":8192,"gpioe":5376,"modeltime":0,"type":"gpio"}
,[11.4.2021 | 3:20:9] {"client-id":"3969d4db-04ff-4fc7-9ce5-a1371377bb78","gpioa":0,"gpiob":0,"gpioc":32768,"gpiod":8192,"gpioe":5376,"modeltime":0,"type":"gpio"}
,[11.4.2021 | 3:20:9] {"client-id":"3969d4db-04ff-4fc7-9ce5-a1371377bb78","gpioa":0,"gpiob":0,"gpioc":32768,"gpiod":8512,"gpioe":5376,"modeltime":0,"type":"gpio"}
,[11.4.2021 | 3:20:9] {"client-id":"3969d4db-04ff-4fc7-9ce5-a1371377bb78","gpioa":0,"gpiob":0,"gpioc":32768,"gpiod":8512,"gpioe":5376,"modeltime":0,"type":"gpio"}
,[11.4.2021 | 3:20:9] {"client-id":"3969d4db-04ff-4fc7-9ce5-a1371377bb78","gpioa":0,"gpiob":0,"gpioc":32768,"gpiod":8512,"gpioe":5376,"modeltime":0,"type":"gpio"}
,[11.4.2021 | 3:20:9] {"client-id":"3969d4db-04ff-4fc7-9ce5-a1371377bb78","gpioa":0,"gpiob":0,"gpioc":32768,"gpiod":8512,"gpioe":5376,"modeltime":0,"type":"gpio"}
,[11.4.2021 | 3:20:10] {"client-id":"3969d4db-04ff-4fc7-9ce5-a1371377bb78","gpioa":0,"gpiob":0,"gpioc":32768,"gpiod":8512,"gpioe":5376,"modeltime":0,"type":"gpio"}
,[11.4.2021 | 3:20:10] {"client-id":"3969d4db-04ff-4fc7-9ce5-a1371377bb78","gpioa":0,"gpiob":0,"gpioc":32768,"gpiod":9056,"gpioe":5376,"modeltime":0,"type":"gpio"}
,[11.4.2021 | 3:20:10] {"client-id":"3969d4db-04ff-4fc7-9ce5-a1371377bb78","gpioa":0,"gpiob":0,"gpioc":32768,"gpiod":9056,"gpioe":5376,"modeltime":0,"type":"gpio"}
,[11.4.2021 | 3:20:10] {"client-id":"3969d4db-04ff-4fc7-9ce5-a1371377bb78","gpioa":0,"gpiob":0,"gpioc":32768,"gpiod":9056,"gpioe":5376,"modeltime":0,"type":"gpio"}
,[11.4.2021 | 3:20:10] {"client-id":"3969d4db-04ff-4fc7-9ce5-a1371377bb78","gpioa":0,"gpiob":0,"gpioc":32768,"gpiod":9056,"gpioe":5376,"modeltime":0,"type":"gpio"}
,[11.4.2021 | 3:20:10] {"client-id":"3969d4db-04ff-4fc7-9ce5-a1371377bb78","gpioa":0,"gpiob":0,"gpioc":32768,"gpiod":9056,"gpioe":5376,"modeltime":0,"type":"gpio"}
,[11.4.2021 | 3:20:10] {"client-id":"3969d4db-04ff-4fc7-9ce5-a1371377bb78","gpioa":0,"gpiob":0,"gpioc":32768,"gpiod":11120,"gpioe":5376,"modeltime":0,"type":"gpio"}
,[11.4.2021 | 3:20:10] {"client-id":"3969d4db-04ff-4fc7-9ce5-a1371377bb78","gpioa":0,"gpiob":0,"gpioc":32768,"gpiod":11120,"gpioe":5376,"modeltime":0,"type":"gpio"}
,[11.4.2021 | 3:20:10] {"type":"cmd","data":"stop"}
,[11.4.2021 | 3:22:9] {"type":"cmd","data":"run"}
,[11.4.2021 | 3:22:9] {"client-id":"3969d4db-04ff-4fc7-9ce5-a1371377bb78","gpioa":0,"gpiob":0,"gpioc":32768,"gpiod":16384,"gpioe":0,"modeltime":0,"type":"gpio"}
,[11.4.2021 | 3:22:9] {"client-id":"3969d4db-04ff-4fc7-9ce5-a1371377bb78","gpioa":0,"gpiob":0,"gpioc":32768,"gpiod":16384,"gpioe":0,"modeltime":0,"type":"gpio"}
,[11.4.2021 | 3:22:10] {"client-id":"3969d4db-04ff-4fc7-9ce5-a1371377bb78","gpioa":0,"gpiob":0,"gpioc":32768,"gpiod":16384,"gpioe":0,"modeltime":0,"type":"gpio"}
,[11.4.2021 | 3:22:10] {"client-id":"3969d4db-04ff-4fc7-9ce5-a1371377bb78","gpioa":0,"gpiob":0,"gpioc":32768,"gpiod":16496,"gpioe":5376,"modeltime":0,"type":"gpio"}
,[11.4.2021 | 3:22:10] {"client-id":"3969d4db-04ff-4fc7-9ce5-a1371377bb78","gpioa":0,"gpiob":0,"gpioc":32768,"gpiod":16496,"gpioe":5376,"modeltime":0,"type":"gpio"}
,[11.4.2021 | 3:22:10] {"client-id":"3969d4db-04ff-4fc7-9ce5-a1371377bb78","gpioa":0,"gpiob":0,"gpioc":32768,"gpiod":16496,"gpioe":5376,"modeltime":0,"type":"gpio"}
,[11.4.2021 | 3:22:10] {"client-id":"3969d4db-04ff-4fc7-9ce5-a1371377bb78","gpioa":0,"gpiob":0,"gpioc":32768,"gpiod":16496,"gpioe":5376,"modeltime":0,"type":"gpio"}
,[11.4.2021 | 3:22:10] {"client-id":"3969d4db-04ff-4fc7-9ce5-a1371377bb78","gpioa":0,"gpiob":0,"gpioc":32768,"gpiod":16496,"gpioe":5376,"modeltime":0,"type":"gpio"}
,[11.4.2021 | 3:22:10] {"client-id":"3969d4db-04ff-4fc7-9ce5-a1371377bb78","gpioa":0,"gpiob":0,"gpioc":32768,"gpiod":16496,"gpioe":5376,"modeltime":0,"type":"gpio"}
,[11.4.2021 | 3:22:10] {"client-id":"3969d4db-04ff-4fc7-9ce5-a1371377bb78","gpioa":0,"gpiob":0,"gpioc":32768,"gpiod":16496,"gpioe":5376,"modeltime":0,"type":"gpio"}
,[11.4.2021 | 3:22:10] {"client-id":"3969d4db-04ff-4fc7-9ce5-a1371377bb78","gpioa":0,"gpiob":0,"gpioc":32768,"gpiod":16496,"gpioe":5376,"modeltime":0,"type":"gpio"}
,[11.4.2021 | 3:22:10] {"client-id":"3969d4db-04ff-4fc7-9ce5-a1371377bb78","gpioa":0,"gpiob":0,"gpioc":32768,"gpiod":16496,"gpioe":5376,"modeltime":0,"type":"gpio"}
,[11.4.2021 | 3:22:11] {"client-id":"3969d4db-04ff-4fc7-9ce5-a1371377bb78","gpioa":0,"gpiob":0,"gpioc":32768,"gpiod":16496,"gpioe":5376,"modeltime":0,"type":"gpio"}
,[11.4.2021 | 3:22:11] {"client-id":"3969d4db-04ff-4fc7-9ce5-a1371377bb78","gpioa":0,"gpiob":0,"gpioc":32768,"gpiod":16496,"gpioe":5376,"modeltime":0,"type":"gpio"}
,[11.4.2021 | 3:22:11] {"client-id":"3969d4db-04ff-4fc7-9ce5-a1371377bb78","gpioa":0,"gpiob":0,"gpioc":32768,"gpiod":16496,"gpioe":5376,"modeltime":0,"type":"gpio"}
,[11.4.2021 | 3:22:11] {"client-id":"3969d4db-04ff-4fc7-9ce5-a1371377bb78","gpioa":0,"gpiob":0,"gpioc":32768,"gpiod":16496,"gpioe":5376,"modeltime":0,"type":"gpio"}
,[11.4.2021 | 3:22:11] {"client-id":"3969d4db-04ff-4fc7-9ce5-a1371377bb78","gpioa":0,"gpiob":0,"gpioc":32768,"gpiod":16496,"gpioe":5376,"modeltime":0,"type":"gpio"}
,[11.4.2021 | 3:22:11] {"client-id":"3969d4db-04ff-4fc7-9ce5-a1371377bb78","gpioa":0,"gpiob":0,"gpioc":32768,"gpiod":16496,"gpioe":5376,"modeltime":0,"type":"gpio"}
,[11.4.2021 | 3:22:11] {"client-id":"3969d4db-04ff-4fc7-9ce5-a1371377bb78","gpioa":0,"gpiob":0,"gpioc":32768,"gpiod":16496,"gpioe":5376,"modeltime":0,"type":"gpio"}
,[11.4.2021 | 3:22:11] {"client-id":"3969d4db-04ff-4fc7-9ce5-a1371377bb78","gpioa":0,"gpiob":0,"gpioc":32768,"gpiod":16496,"gpioe":5376,"modeltime":0,"type":"gpio"}
,[11.4.2021 | 3:22:11] {"client-id":"3969d4db-04ff-4fc7-9ce5-a1371377bb78","gpioa":0,"gpiob":0,"gpioc":32768,"gpiod":16496,"gpioe":5376,"modeltime":0,"type":"gpio"}
,[11.4.2021 | 3:22:11] {"client-id":"3969d4db-04ff-4fc7-9ce5-a1371377bb78","gpioa":0,"gpiob":0,"gpioc":32768,"gpiod":16496,"gpioe":5376,"modeltime":0,"type":"gpio"}
,[11.4.2021 | 3:22:12] {"client-id":"3969d4db-04ff-4fc7-9ce5-a1371377bb78","gpioa":0,"gpiob":0,"gpioc":32768,"gpiod":16496,"gpioe":5376,"modeltime":0,"type":"gpio"}
,[11.4.2021 | 3:22:12] {"client-id":"3969d4db-04ff-4fc7-9ce5-a1371377bb78","gpioa":0,"gpiob":0,"gpioc":32768,"gpiod":16496,"gpioe":5376,"modeltime":0,"type":"gpio"}
,[11.4.2021 | 3:22:12] {"client-id":"3969d4db-04ff-4fc7-9ce5-a1371377bb78","gpioa":0,"gpiob":0,"gpioc":32768,"gpiod":16496,"gpioe":5376,"modeltime":0,"type":"gpio"}
,[11.4.2021 | 3:22:12] {"client-id":"3969d4db-04ff-4fc7-9ce5-a1371377bb78","gpioa":0,"gpiob":0,"gpioc":32768,"gpiod":16496,"gpioe":5376,"modeltime":0,"type":"gpio"}
,[11.4.2021 | 3:22:12] {"client-id":"3969d4db-04ff-4fc7-9ce5-a1371377bb78","gpioa":0,"gpiob":0,"gpioc":32768,"gpiod":16496,"gpioe":5376,"modeltime":0,"type":"gpio"}
,[11.4.2021 | 3:22:12] {"client-id":"3969d4db-04ff-4fc7-9ce5-a1371377bb78","gpioa":0,"gpiob":0,"gpioc":32768,"gpiod":16496,"gpioe":5376,"modeltime":0,"type":"gpio"}
,[11.4.2021 | 3:22:12] {"client-id":"3969d4db-04ff-4fc7-9ce5-a1371377bb78","gpioa":0,"gpiob":0,"gpioc":32768,"gpiod":16496,"gpioe":5376,"modeltime":0,"type":"gpio"}
,[11.4.2021 | 3:22:12] {"client-id":"3969d4db-04ff-4fc7-9ce5-a1371377bb78","gpioa":0,"gpiob":0,"gpioc":32768,"gpiod":16496,"gpioe":5376,"modeltime":0,"type":"gpio"}
,[11.4.2021 | 3:22:12] {"client-id":"3969d4db-04ff-4fc7-9ce5-a1371377bb78","gpioa":0,"gpiob":0,"gpioc":32768,"gpiod":16496,"gpioe":5376,"modeltime":0,"type":"gpio"}
,[11.4.2021 | 3:22:12] {"client-id":"3969d4db-04ff-4fc7-9ce5-a1371377bb78","gpioa":0,"gpiob":0,"gpioc":32768,"gpiod":16496,"gpioe":5376,"modeltime":0,"type":"gpio"}
,[11.4.2021 | 3:22:13] {"client-id":"3969d4db-04ff-4fc7-9ce5-a1371377bb78","gpioa":0,"gpiob":0,"gpioc":32768,"gpiod":16496,"gpioe":5376,"modeltime":0,"type":"gpio"}
,[11.4.2021 | 3:22:13] {"client-id":"3969d4db-04ff-4fc7-9ce5-a1371377bb78","gpioa":0,"gpiob":0,"gpioc":32768,"gpiod":16496,"gpioe":5376,"modeltime":0,"type":"gpio"}
,[11.4.2021 | 3:22:13] {"client-id":"3969d4db-04ff-4fc7-9ce5-a1371377bb78","gpioa":0,"gpiob":0,"gpioc":32768,"gpiod":16496,"gpioe":5376,"modeltime":0,"type":"gpio"}
,[11.4.2021 | 3:22:13] {"client-id":"3969d4db-04ff-4fc7-9ce5-a1371377bb78","gpioa":0,"gpiob":0,"gpioc":32768,"gpiod":16496,"gpioe":5376,"modeltime":0,"type":"gpio"}
,[11.4.2021 | 3:22:13] {"client-id":"3969d4db-04ff-4fc7-9ce5-a1371377bb78","gpioa":0,"gpiob":0,"gpioc":32768,"gpiod":8512,"gpioe":1280,"modeltime":0,"type":"gpio"}
,[11.4.2021 | 3:22:13] {"client-id":"3969d4db-04ff-4fc7-9ce5-a1371377bb78","gpioa":0,"gpiob":0,"gpioc":32768,"gpiod":8512,"gpioe":1280,"modeltime":0,"type":"gpio"}
,[11.4.2021 | 3:22:13] {"client-id":"3969d4db-04ff-4fc7-9ce5-a1371377bb78","gpioa":0,"gpiob":0,"gpioc":32768,"gpiod":8512,"gpioe":1280,"modeltime":0,"type":"gpio"}
,[11.4.2021 | 3:22:13] {"client-id":"3969d4db-04ff-4fc7-9ce5-a1371377bb78","gpioa":0,"gpiob":0,"gpioc":32768,"gpiod":8192,"gpioe":1280,"modeltime":0,"type":"gpio"}
,[11.4.2021 | 3:22:13] {"client-id":"3969d4db-04ff-4fc7-9ce5-a1371377bb78","gpioa":0,"gpiob":0,"gpioc":32768,"gpiod":8192,"gpioe":1280,"modeltime":0,"type":"gpio"}
,[11.4.2021 | 3:22:13] {"client-id":"3969d4db-04ff-4fc7-9ce5-a1371377bb78","gpioa":0,"gpiob":0,"gpioc":32768,"gpiod":8192,"gpioe":1280,"modeltime":0,"type":"gpio"}
,[11.4.2021 | 3:22:14] {"client-id":"3969d4db-04ff-4fc7-9ce5-a1371377bb78","gpioa":0,"gpiob":0,"gpioc":32768,"gpiod":8192,"gpioe":1280,"modeltime":0,"type":"gpio"}
,[11.4.2021 | 3:22:14] {"client-id":"3969d4db-04ff-4fc7-9ce5-a1371377bb78","gpioa":0,"gpiob":0,"gpioc":32768,"gpiod":8192,"gpioe":1280,"modeltime":0,"type":"gpio"}
,[11.4.2021 | 3:22:14] {"client-id":"3969d4db-04ff-4fc7-9ce5-a1371377bb78","gpioa":0,"gpiob":0,"gpioc":32768,"gpiod":8192,"gpioe":1280,"modeltime":0,"type":"gpio"}
,[11.4.2021 | 3:22:14] {"client-id":"3969d4db-04ff-4fc7-9ce5-a1371377bb78","gpioa":0,"gpiob":0,"gpioc":32768,"gpiod":8192,"gpioe":1280,"modeltime":0,"type":"gpio"}
,[11.4.2021 | 3:22:14] {"client-id":"3969d4db-04ff-4fc7-9ce5-a1371377bb78","gpioa":0,"gpiob":0,"gpioc":32768,"gpiod":8192,"gpioe":1280,"modeltime":0,"type":"gpio"}
,[11.4.2021 | 3:22:14] {"client-id":"3969d4db-04ff-4fc7-9ce5-a1371377bb78","gpioa":0,"gpiob":0,"gpioc":32768,"gpiod":8192,"gpioe":1280,"modeltime":0,"type":"gpio"}
,[11.4.2021 | 3:22:14] {"client-id":"3969d4db-04ff-4fc7-9ce5-a1371377bb78","gpioa":0,"gpiob":0,"gpioc":32768,"gpiod":8192,"gpioe":1280,"modeltime":0,"type":"gpio"}
,[11.4.2021 | 3:22:14] {"client-id":"3969d4db-04ff-4fc7-9ce5-a1371377bb78","gpioa":0,"gpiob":0,"gpioc":32768,"gpiod":8512,"gpioe":1280,"modeltime":0,"type":"gpio"}
,[11.4.2021 | 3:22:14] {"client-id":"3969d4db-04ff-4fc7-9ce5-a1371377bb78","gpioa":0,"gpiob":0,"gpioc":32768,"gpiod":8512,"gpioe":1280,"modeltime":0,"type":"gpio"}
,[11.4.2021 | 3:22:14] {"client-id":"3969d4db-04ff-4fc7-9ce5-a1371377bb78","gpioa":0,"gpiob":0,"gpioc":32768,"gpiod":8512,"gpioe":1280,"modeltime":0,"type":"gpio"}
,[11.4.2021 | 3:22:15] {"client-id":"3969d4db-04ff-4fc7-9ce5-a1371377bb78","gpioa":0,"gpiob":0,"gpioc":32768,"gpiod":8512,"gpioe":1280,"modeltime":0,"type":"gpio"}
,[11.4.2021 | 3:22:15] {"client-id":"3969d4db-04ff-4fc7-9ce5-a1371377bb78","gpioa":0,"gpiob":0,"gpioc":32768,"gpiod":8512,"gpioe":1280,"modeltime":0,"type":"gpio"}
,[11.4.2021 | 3:22:15] {"client-id":"3969d4db-04ff-4fc7-9ce5-a1371377bb78","gpioa":0,"gpiob":0,"gpioc":32768,"gpiod":9056,"gpioe":1280,"modeltime":0,"type":"gpio"}
,[11.4.2021 | 3:22:15] {"client-id":"3969d4db-04ff-4fc7-9ce5-a1371377bb78","gpioa":0,"gpiob":0,"gpioc":32768,"gpiod":9056,"gpioe":1280,"modeltime":0,"type":"gpio"}
,[11.4.2021 | 3:22:15] {"client-id":"3969d4db-04ff-4fc7-9ce5-a1371377bb78","gpioa":0,"gpiob":0,"gpioc":32768,"gpiod":9056,"gpioe":1280,"modeltime":0,"type":"gpio"}
,[11.4.2021 | 3:22:15] {"client-id":"3969d4db-04ff-4fc7-9ce5-a1371377bb78","gpioa":0,"gpiob":0,"gpioc":32768,"gpiod":9056,"gpioe":1280,"modeltime":0,"type":"gpio"}
,[11.4.2021 | 3:22:15] {"client-id":"3969d4db-04ff-4fc7-9ce5-a1371377bb78","gpioa":0,"gpiob":0,"gpioc":32768,"gpiod":9056,"gpioe":1280,"modeltime":0,"type":"gpio"}
,[11.4.2021 | 3:22:15] {"client-id":"3969d4db-04ff-4fc7-9ce5-a1371377bb78","gpioa":0,"gpiob":0,"gpioc":32768,"gpiod":11120,"gpioe":1280,"modeltime":0,"type":"gpio"}
,[11.4.2021 | 3:22:15] {"client-id":"3969d4db-04ff-4fc7-9ce5-a1371377bb78","gpioa":0,"gpiob":0,"gpioc":32768,"gpiod":11120,"gpioe":1280,"modeltime":0,"type":"gpio"}
,[11.4.2021 | 3:22:15] {"client-id":"3969d4db-04ff-4fc7-9ce5-a1371377bb78","gpioa":0,"gpiob":0,"gpioc":32768,"gpiod":11120,"gpioe":1280,"modeltime":0,"type":"gpio"}
,[11.4.2021 | 3:22:16] {"client-id":"3969d4db-04ff-4fc7-9ce5-a1371377bb78","gpioa":0,"gpiob":0,"gpioc":32768,"gpiod":11120,"gpioe":1280,"modeltime":0,"type":"gpio"}
,[11.4.2021 | 3:22:16] {"client-id":"3969d4db-04ff-4fc7-9ce5-a1371377bb78","gpioa":0,"gpiob":0,"gpioc":32768,"gpiod":11120,"gpioe":1280,"modeltime":0,"type":"gpio"}
,[11.4.2021 | 3:22:16] {"client-id":"3969d4db-04ff-4fc7-9ce5-a1371377bb78","gpioa":0,"gpiob":0,"gpioc":32768,"gpiod":15224,"gpioe":1280,"modeltime":0,"type":"gpio"}
,[11.4.2021 | 3:22:16] {"client-id":"3969d4db-04ff-4fc7-9ce5-a1371377bb78","gpioa":0,"gpiob":0,"gpioc":32768,"gpiod":15224,"gpioe":1280,"modeltime":0,"type":"gpio"}
,[11.4.2021 | 3:22:16] {"client-id":"3969d4db-04ff-4fc7-9ce5-a1371377bb78","gpioa":0,"gpiob":0,"gpioc":32768,"gpiod":15224,"gpioe":1280,"modeltime":0,"type":"gpio"}
,[11.4.2021 | 3:22:16] {"client-id":"3969d4db-04ff-4fc7-9ce5-a1371377bb78","gpioa":0,"gpiob":0,"gpioc":32768,"gpiod":15224,"gpioe":1280,"modeltime":0,"type":"gpio"}
,[11.4.2021 | 3:22:16] {"client-id":"3969d4db-04ff-4fc7-9ce5-a1371377bb78","gpioa":0,"gpiob":0,"gpioc":32768,"gpiod":15224,"gpioe":1280,"modeltime":0,"type":"gpio"}
,[11.4.2021 | 3:22:16] {"client-id":"3969d4db-04ff-4fc7-9ce5-a1371377bb78","gpioa":0,"gpiob":0,"gpioc":32768,"gpiod":11120,"gpioe":1280,"modeltime":0,"type":"gpio"}
,[11.4.2021 | 3:22:16] {"client-id":"3969d4db-04ff-4fc7-9ce5-a1371377bb78","gpioa":0,"gpiob":0,"gpioc":32768,"gpiod":11120,"gpioe":1280,"modeltime":0,"type":"gpio"}
,[11.4.2021 | 3:22:16] {"client-id":"3969d4db-04ff-4fc7-9ce5-a1371377bb78","gpioa":0,"gpiob":0,"gpioc":32768,"gpiod":11120,"gpioe":1280,"modeltime":0,"type":"gpio"}
,[11.4.2021 | 3:22:17] {"client-id":"3969d4db-04ff-4fc7-9ce5-a1371377bb78","gpioa":0,"gpiob":0,"gpioc":32768,"gpiod":11120,"gpioe":1280,"modeltime":0,"type":"gpio"}
,[11.4.2021 | 3:22:17] {"client-id":"3969d4db-04ff-4fc7-9ce5-a1371377bb78","gpioa":0,"gpiob":0,"gpioc":32768,"gpiod":11120,"gpioe":1280,"modeltime":0,"type":"gpio"}
,[11.4.2021 | 3:22:17] {"client-id":"3969d4db-04ff-4fc7-9ce5-a1371377bb78","gpioa":0,"gpiob":0,"gpioc":32768,"gpiod":9056,"gpioe":1280,"modeltime":0,"type":"gpio"}
,[11.4.2021 | 3:22:17] {"client-id":"3969d4db-04ff-4fc7-9ce5-a1371377bb78","gpioa":0,"gpiob":0,"gpioc":32768,"gpiod":9056,"gpioe":1280,"modeltime":0,"type":"gpio"}
,[11.4.2021 | 3:22:17] {"client-id":"3969d4db-04ff-4fc7-9ce5-a1371377bb78","gpioa":0,"gpiob":0,"gpioc":32768,"gpiod":9056,"gpioe":1280,"modeltime":0,"type":"gpio"}
,[11.4.2021 | 3:22:17] {"client-id":"3969d4db-04ff-4fc7-9ce5-a1371377bb78","gpioa":0,"gpiob":0,"gpioc":32768,"gpiod":9056,"gpioe":1280,"modeltime":0,"type":"gpio"}
,[11.4.2021 | 3:22:17] {"client-id":"3969d4db-04ff-4fc7-9ce5-a1371377bb78","gpioa":0,"gpiob":0,"gpioc":32768,"gpiod":9056,"gpioe":1280,"modeltime":0,"type":"gpio"}
,[11.4.2021 | 3:22:17] {"client-id":"3969d4db-04ff-4fc7-9ce5-a1371377bb78","gpioa":0,"gpiob":0,"gpioc":32768,"gpiod":8512,"gpioe":1280,"modeltime":0,"type":"gpio"}
,[11.4.2021 | 3:22:17] {"client-id":"3969d4db-04ff-4fc7-9ce5-a1371377bb78","gpioa":0,"gpiob":0,"gpioc":32768,"gpiod":8512,"gpioe":1280,"modeltime":0,"type":"gpio"}
,[11.4.2021 | 3:22:17] {"client-id":"3969d4db-04ff-4fc7-9ce5-a1371377bb78","gpioa":0,"gpiob":0,"gpioc":32768,"gpiod":8512,"gpioe":1280,"modeltime":0,"type":"gpio"}
,[11.4.2021 | 3:22:18] {"client-id":"3969d4db-04ff-4fc7-9ce5-a1371377bb78","gpioa":0,"gpiob":0,"gpioc":32768,"gpiod":8512,"gpioe":1280,"modeltime":0,"type":"gpio"}
,[11.4.2021 | 3:22:18] {"client-id":"3969d4db-04ff-4fc7-9ce5-a1371377bb78","gpioa":0,"gpiob":0,"gpioc":32768,"gpiod":8512,"gpioe":1280,"modeltime":0,"type":"gpio"}
,[11.4.2021 | 3:22:18] {"client-id":"3969d4db-04ff-4fc7-9ce5-a1371377bb78","gpioa":0,"gpiob":0,"gpioc":32768,"gpiod":8192,"gpioe":1280,"modeltime":0,"type":"gpio"}
,[11.4.2021 | 3:22:18] {"client-id":"3969d4db-04ff-4fc7-9ce5-a1371377bb78","gpioa":0,"gpiob":0,"gpioc":32768,"gpiod":8192,"gpioe":1280,"modeltime":0,"type":"gpio"}
,[11.4.2021 | 3:22:18] {"client-id":"3969d4db-04ff-4fc7-9ce5-a1371377bb78","gpioa":0,"gpiob":0,"gpioc":32768,"gpiod":8192,"gpioe":1280,"modeltime":0,"type":"gpio"}
,[11.4.2021 | 3:22:18] {"client-id":"3969d4db-04ff-4fc7-9ce5-a1371377bb78","gpioa":0,"gpiob":0,"gpioc":32768,"gpiod":8192,"gpioe":1280,"modeltime":0,"type":"gpio"}
,[11.4.2021 | 3:22:18] {"client-id":"3969d4db-04ff-4fc7-9ce5-a1371377bb78","gpioa":0,"gpiob":0,"gpioc":32768,"gpiod":8192,"gpioe":1280,"modeltime":0,"type":"gpio"}
,[11.4.2021 | 3:22:18] {"client-id":"3969d4db-04ff-4fc7-9ce5-a1371377bb78","gpioa":0,"gpiob":0,"gpioc":32768,"gpiod":8192,"gpioe":1280,"modeltime":0,"type":"gpio"}
,[11.4.2021 | 3:22:18] {"client-id":"3969d4db-04ff-4fc7-9ce5-a1371377bb78","gpioa":0,"gpiob":0,"gpioc":32768,"gpiod":8192,"gpioe":1280,"modeltime":0,"type":"gpio"}
,[11.4.2021 | 3:22:18] {"client-id":"3969d4db-04ff-4fc7-9ce5-a1371377bb78","gpioa":0,"gpiob":0,"gpioc":32768,"gpiod":8192,"gpioe":1280,"modeltime":0,"type":"gpio"}
,[11.4.2021 | 3:22:19] {"client-id":"3969d4db-04ff-4fc7-9ce5-a1371377bb78","gpioa":0,"gpiob":0,"gpioc":32768,"gpiod":8192,"gpioe":1280,"modeltime":0,"type":"gpio"}
,[11.4.2021 | 3:22:19] {"client-id":"3969d4db-04ff-4fc7-9ce5-a1371377bb78","gpioa":0,"gpiob":0,"gpioc":32768,"gpiod":8192,"gpioe":1280,"modeltime":0,"type":"gpio"}
,[11.4.2021 | 3:22:19] {"client-id":"3969d4db-04ff-4fc7-9ce5-a1371377bb78","gpioa":0,"gpiob":0,"gpioc":32768,"gpiod":8512,"gpioe":1280,"modeltime":0,"type":"gpio"}
,[11.4.2021 | 3:22:19] {"client-id":"3969d4db-04ff-4fc7-9ce5-a1371377bb78","gpioa":0,"gpiob":0,"gpioc":32768,"gpiod":8512,"gpioe":1280,"modeltime":0,"type":"gpio"}
,[11.4.2021 | 3:22:19] {"client-id":"3969d4db-04ff-4fc7-9ce5-a1371377bb78","gpioa":0,"gpiob":0,"gpioc":32768,"gpiod":8512,"gpioe":1280,"modeltime":0,"type":"gpio"}
,[11.4.2021 | 3:22:19] {"client-id":"3969d4db-04ff-4fc7-9ce5-a1371377bb78","gpioa":0,"gpiob":0,"gpioc":32768,"gpiod":8512,"gpioe":1280,"modeltime":0,"type":"gpio"}
,[11.4.2021 | 3:22:19] {"client-id":"3969d4db-04ff-4fc7-9ce5-a1371377bb78","gpioa":0,"gpiob":0,"gpioc":32768,"gpiod":8512,"gpioe":1280,"modeltime":0,"type":"gpio"}
,[11.4.2021 | 3:22:19] {"client-id":"3969d4db-04ff-4fc7-9ce5-a1371377bb78","gpioa":0,"gpiob":0,"gpioc":32768,"gpiod":9056,"gpioe":1280,"modeltime":0,"type":"gpio"}
,[11.4.2021 | 3:22:19] {"client-id":"3969d4db-04ff-4fc7-9ce5-a1371377bb78","gpioa":0,"gpiob":0,"gpioc":32768,"gpiod":9056,"gpioe":1280,"modeltime":0,"type":"gpio"}
,[11.4.2021 | 3:22:19] {"client-id":"3969d4db-04ff-4fc7-9ce5-a1371377bb78","gpioa":0,"gpiob":0,"gpioc":32768,"gpiod":9056,"gpioe":1280,"modeltime":0,"type":"gpio"}
,[11.4.2021 | 3:22:20] {"client-id":"3969d4db-04ff-4fc7-9ce5-a1371377bb78","gpioa":0,"gpiob":0,"gpioc":32768,"gpiod":9056,"gpioe":1280,"modeltime":0,"type":"gpio"}
,[11.4.2021 | 3:22:20] {"client-id":"3969d4db-04ff-4fc7-9ce5-a1371377bb78","gpioa":0,"gpiob":0,"gpioc":32768,"gpiod":9056,"gpioe":1280,"modeltime":0,"type":"gpio"}
,[11.4.2021 | 3:22:20] {"client-id":"3969d4db-04ff-4fc7-9ce5-a1371377bb78","gpioa":0,"gpiob":0,"gpioc":32768,"gpiod":11120,"gpioe":1280,"modeltime":0,"type":"gpio"}
,[11.4.2021 | 3:22:20] {"client-id":"3969d4db-04ff-4fc7-9ce5-a1371377bb78","gpioa":0,"gpiob":0,"gpioc":32768,"gpiod":11120,"gpioe":1280,"modeltime":0,"type":"gpio"}
,[11.4.2021 | 3:22:20] {"client-id":"3969d4db-04ff-4fc7-9ce5-a1371377bb78","gpioa":0,"gpiob":0,"gpioc":32768,"gpiod":11120,"gpioe":1280,"modeltime":0,"type":"gpio"}
,[11.4.2021 | 3:22:20] {"client-id":"3969d4db-04ff-4fc7-9ce5-a1371377bb78","gpioa":0,"gpiob":0,"gpioc":32768,"gpiod":11120,"gpioe":1280,"modeltime":0,"type":"gpio"}
,[11.4.2021 | 3:22:20] {"client-id":"3969d4db-04ff-4fc7-9ce5-a1371377bb78","gpioa":0,"gpiob":0,"gpioc":32768,"gpiod":11120,"gpioe":1280,"modeltime":0,"type":"gpio"}
,[11.4.2021 | 3:22:20] {"client-id":"3969d4db-04ff-4fc7-9ce5-a1371377bb78","gpioa":0,"gpiob":0,"gpioc":32768,"gpiod":15224,"gpioe":1280,"modeltime":0,"type":"gpio"}
,[11.4.2021 | 3:22:20] {"client-id":"3969d4db-04ff-4fc7-9ce5-a1371377bb78","gpioa":0,"gpiob":0,"gpioc":32768,"gpiod":15224,"gpioe":1280,"modeltime":0,"type":"gpio"}
,[11.4.2021 | 3:22:20] {"client-id":"3969d4db-04ff-4fc7-9ce5-a1371377bb78","gpioa":0,"gpiob":0,"gpioc":32768,"gpiod":15224,"gpioe":1280,"modeltime":0,"type":"gpio"}
,[11.4.2021 | 3:22:21] {"client-id":"3969d4db-04ff-4fc7-9ce5-a1371377bb78","gpioa":0,"gpiob":0,"gpioc":32768,"gpiod":15224,"gpioe":1280,"modeltime":0,"type":"gpio"}
,[11.4.2021 | 3:22:21] {"client-id":"3969d4db-04ff-4fc7-9ce5-a1371377bb78","gpioa":0,"gpiob":0,"gpioc":32768,"gpiod":15224,"gpioe":1280,"modeltime":0,"type":"gpio"}
,[11.4.2021 | 3:22:21] {"client-id":"3969d4db-04ff-4fc7-9ce5-a1371377bb78","gpioa":0,"gpiob":0,"gpioc":32768,"gpiod":11120,"gpioe":1280,"modeltime":0,"type":"gpio"}
,[11.4.2021 | 3:22:21] {"client-id":"3969d4db-04ff-4fc7-9ce5-a1371377bb78","gpioa":0,"gpiob":0,"gpioc":32768,"gpiod":11120,"gpioe":1280,"modeltime":0,"type":"gpio"}
,[11.4.2021 | 3:22:21] {"client-id":"3969d4db-04ff-4fc7-9ce5-a1371377bb78","gpioa":0,"gpiob":0,"gpioc":32768,"gpiod":11120,"gpioe":1280,"modeltime":0,"type":"gpio"}
,[11.4.2021 | 3:22:21] {"client-id":"3969d4db-04ff-4fc7-9ce5-a1371377bb78","gpioa":0,"gpiob":0,"gpioc":32768,"gpiod":11120,"gpioe":1280,"modeltime":0,"type":"gpio"}
,[11.4.2021 | 3:22:21] {"client-id":"3969d4db-04ff-4fc7-9ce5-a1371377bb78","gpioa":0,"gpiob":0,"gpioc":32768,"gpiod":11120,"gpioe":1280,"modeltime":0,"type":"gpio"}
,[11.4.2021 | 3:22:21] {"client-id":"3969d4db-04ff-4fc7-9ce5-a1371377bb78","gpioa":0,"gpiob":0,"gpioc":32768,"gpiod":9056,"gpioe":1280,"modeltime":0,"type":"gpio"}
,[11.4.2021 | 3:22:21] {"client-id":"3969d4db-04ff-4fc7-9ce5-a1371377bb78","gpioa":0,"gpiob":0,"gpioc":32768,"gpiod":9056,"gpioe":1280,"modeltime":0,"type":"gpio"}
,[11.4.2021 | 3:22:21] {"client-id":"3969d4db-04ff-4fc7-9ce5-a1371377bb78","gpioa":0,"gpiob":0,"gpioc":32768,"gpiod":9056,"gpioe":1280,"modeltime":0,"type":"gpio"}
,[11.4.2021 | 3:22:22] {"client-id":"3969d4db-04ff-4fc7-9ce5-a1371377bb78","gpioa":0,"gpiob":0,"gpioc":32768,"gpiod":9056,"gpioe":1280,"modeltime":0,"type":"gpio"}
,[11.4.2021 | 3:22:22] {"client-id":"3969d4db-04ff-4fc7-9ce5-a1371377bb78","gpioa":0,"gpiob":0,"gpioc":32768,"gpiod":9056,"gpioe":1280,"modeltime":0,"type":"gpio"}
,[11.4.2021 | 3:22:22] {"client-id":"3969d4db-04ff-4fc7-9ce5-a1371377bb78","gpioa":0,"gpiob":0,"gpioc":32768,"gpiod":8512,"gpioe":1280,"modeltime":0,"type":"gpio"}
,[11.4.2021 | 3:22:22] {"client-id":"3969d4db-04ff-4fc7-9ce5-a1371377bb78","gpioa":0,"gpiob":0,"gpioc":32768,"gpiod":8512,"gpioe":1280,"modeltime":0,"type":"gpio"}
,[11.4.2021 | 3:22:22] {"client-id":"3969d4db-04ff-4fc7-9ce5-a1371377bb78","gpioa":0,"gpiob":0,"gpioc":32768,"gpiod":8512,"gpioe":1280,"modeltime":0,"type":"gpio"}
,[11.4.2021 | 3:22:22] {"client-id":"3969d4db-04ff-4fc7-9ce5-a1371377bb78","gpioa":0,"gpiob":0,"gpioc":32768,"gpiod":8512,"gpioe":1280,"modeltime":0,"type":"gpio"}
,[11.4.2021 | 3:22:22] {"client-id":"3969d4db-04ff-4fc7-9ce5-a1371377bb78","gpioa":0,"gpiob":0,"gpioc":32768,"gpiod":8512,"gpioe":1280,"modeltime":0,"type":"gpio"}
,[11.4.2021 | 3:22:22] {"client-id":"3969d4db-04ff-4fc7-9ce5-a1371377bb78","gpioa":0,"gpiob":0,"gpioc":32768,"gpiod":8192,"gpioe":1280,"modeltime":0,"type":"gpio"}
,[11.4.2021 | 3:22:22] {"client-id":"3969d4db-04ff-4fc7-9ce5-a1371377bb78","gpioa":0,"gpiob":0,"gpioc":32768,"gpiod":8192,"gpioe":1280,"modeltime":0,"type":"gpio"}
,[11.4.2021 | 3:22:22] {"client-id":"3969d4db-04ff-4fc7-9ce5-a1371377bb78","gpioa":0,"gpiob":0,"gpioc":32768,"gpiod":8192,"gpioe":1280,"modeltime":0,"type":"gpio"}
,[11.4.2021 | 3:22:23] {"client-id":"3969d4db-04ff-4fc7-9ce5-a1371377bb78","gpioa":0,"gpiob":0,"gpioc":32768,"gpiod":8192,"gpioe":1280,"modeltime":0,"type":"gpio"}
,[11.4.2021 | 3:22:23] {"client-id":"3969d4db-04ff-4fc7-9ce5-a1371377bb78","gpioa":0,"gpiob":0,"gpioc":32768,"gpiod":8192,"gpioe":1280,"modeltime":0,"type":"gpio"}
,[11.4.2021 | 3:22:23] {"client-id":"3969d4db-04ff-4fc7-9ce5-a1371377bb78","gpioa":0,"gpiob":0,"gpioc":32768,"gpiod":8192,"gpioe":1280,"modeltime":0,"type":"gpio"}
,[11.4.2021 | 3:22:23] {"client-id":"3969d4db-04ff-4fc7-9ce5-a1371377bb78","gpioa":0,"gpiob":0,"gpioc":32768,"gpiod":8192,"gpioe":1280,"modeltime":0,"type":"gpio"}
,[11.4.2021 | 3:22:23] {"client-id":"3969d4db-04ff-4fc7-9ce5-a1371377bb78","gpioa":0,"gpiob":0,"gpioc":32768,"gpiod":8192,"gpioe":1280,"modeltime":0,"type":"gpio"}
,[11.4.2021 | 3:22:23] {"client-id":"3969d4db-04ff-4fc7-9ce5-a1371377bb78","gpioa":0,"gpiob":0,"gpioc":32768,"gpiod":8192,"gpioe":1280,"modeltime":0,"type":"gpio"}
,[11.4.2021 | 3:22:23] {"client-id":"3969d4db-04ff-4fc7-9ce5-a1371377bb78","gpioa":0,"gpiob":0,"gpioc":32768,"gpiod":8192,"gpioe":1280,"modeltime":0,"type":"gpio"}
,[11.4.2021 | 3:22:23] {"type":"cmd","data":"stop"}
,[11.4.2021 | 3:22:23] {"client-id":"3969d4db-04ff-4fc7-9ce5-a1371377bb78","gpioa":0,"gpiob":0,"gpioc":32768,"gpiod":8512,"gpioe":1280,"modeltime":0,"type":"gpio"}
